# JRE version: OpenJDK Runtime Environment (11.0.11+9) (build 11.0.11+9-b60-7590822)
# Java VM: OpenJDK 64-Bit Server VM (11.0.11+9-b60-7590822, mixed mode, tiered, compressed oops, g1 gc, windows-amd64)
Heap:
 garbage-first heap   total 258048K, used 117350K [0x0000000080000000, 0x0000000100000000)
  region size 1024K, 95 young (97280K), 13 survivors (13312K)
 Metaspace       used 48212K, capacity 49451K, committed 49664K, reserved 1091584K
  class space    used 6150K, capacity 6607K, committed 6656K, reserved 1048576K
GC Heap History (10 events):
Event: 0.606 GC heap before
{Heap before GC invocations=0 (full 0):
 garbage-first heap   total 258048K, used 29696K [0x0000000080000000, 0x0000000100000000)
  region size 1024K, 24 young (24576K), 0 survivors (0K)
 Metaspace       used 9839K, capacity 10050K, committed 10112K, reserved 1058816K
  class space    used 1028K, capacity 1102K, committed 1152K, reserved 1048576K
}
Event: 0.610 GC heap after
{Heap after GC invocations=1 (full 0):
 garbage-first heap   total 258048K, used 9271K [0x0000000080000000, 0x0000000100000000)
  region size 1024K, 3 young (3072K), 3 survivors (3072K)
 Metaspace       used 9839K, capacity 10050K, committed 10112K, reserved 1058816K
  class space    used 1028K, capacity 1102K, committed 1152K, reserved 1048576K
}
Event: 2.161 GC heap before
{Heap before GC invocations=1 (full 0):
 garbage-first heap   total 258048K, used 107575K [0x0000000080000000, 0x0000000100000000)
  region size 1024K, 100 young (102400K), 3 survivors (3072K)
 Metaspace       used 20644K, capacity 21081K, committed 21248K, reserved 1067008K
  class space    used 2541K, capacity 2695K, committed 2816K, reserved 1048576K
}
Event: 2.172 GC heap after
{Heap after GC invocations=2 (full 0):
 garbage-first heap   total 258048K, used 16834K [0x0000000080000000, 0x0000000100000000)
  region size 1024K, 11 young (11264K), 11 survivors (11264K)
 Metaspace       used 20644K, capacity 21081K, committed 21248K, reserved 1067008K
  class space    used 2541K, capacity 2695K, committed 2816K, reserved 1048576K
}
Event: 2.826 GC heap before
{Heap before GC invocations=3 (full 0):
 garbage-first heap   total 258048K, used 62914K [0x0000000080000000, 0x0000000100000000)
  region size 1024K, 57 young (58368K), 11 survivors (11264K)
 Metaspace       used 25466K, capacity 25998K, committed 26112K, reserved 1071104K
  class space    used 3316K, capacity 3531K, committed 3584K, reserved 1048576K
}
Event: 2.834 GC heap after
{Heap after GC invocations=4 (full 0):
 garbage-first heap   total 258048K, used 18696K [0x0000000080000000, 0x0000000100000000)
  region size 1024K, 3 young (3072K), 3 survivors (3072K)
 Metaspace       used 25466K, capacity 25998K, committed 26112K, reserved 1071104K
  class space    used 3316K, capacity 3531K, committed 3584K, reserved 1048576K
}
Event: 3.970 GC heap before
{Heap before GC invocations=4 (full 0):
 garbage-first heap   total 258048K, used 85256K [0x0000000080000000, 0x0000000100000000)
  region size 1024K, 69 young (70656K), 3 survivors (3072K)
 Metaspace       used 34990K, capacity 35772K, committed 35840K, reserved 1081344K
  class space    used 4547K, capacity 4859K, committed 4864K, reserved 1048576K
}
Event: 3.977 GC heap after
{Heap after GC invocations=5 (full 0):
 garbage-first heap   total 258048K, used 22015K [0x0000000080000000, 0x0000000100000000)
  region size 1024K, 6 young (6144K), 6 survivors (6144K)
 Metaspace       used 34990K, capacity 35772K, committed 35840K, reserved 1081344K
  class space    used 4547K, capacity 4859K, committed 4864K, reserved 1048576K
}
Event: 5.225 GC heap before
{Heap before GC invocations=6 (full 0):
 garbage-first heap   total 258048K, used 144895K [0x0000000080000000, 0x0000000100000000)
  region size 1024K, 123 young (125952K), 6 survivors (6144K)
 Metaspace       used 44890K, capacity 46000K, committed 46208K, reserved 1089536K
  class space    used 5765K, capacity 6163K, committed 6272K, reserved 1048576K
}
Event: 5.236 GC heap after
{Heap after GC invocations=7 (full 0):
 garbage-first heap   total 258048K, used 29286K [0x0000000080000000, 0x0000000100000000)
  region size 1024K, 13 young (13312K), 13 survivors (13312K)
 Metaspace       used 44890K, capacity 46000K, committed 46208K, reserved 1089536K
  class space    used 5765K, capacity 6163K, committed 6272K, reserved 1048576K
}

